{"C:\\projects\\nodejs\\node-graphql\\schema\\typedefs.js": {"path":"C:\\projects\\nodejs\\node-graphql\\schema\\typedefs.js","statementMap":{"0":{"start":{"line":1,"column":17},"end":{"line":35,"column":1}},"1":{"start":{"line":37,"column":0},"end":{"line":37,"column":30}}},"fnMap":{},"branchMap":{},"s":{"0":1,"1":1},"f":{},"b":{},"_coverageSchema":"332fd63041d2c1bcb487cc26dd0d5f7d97098a6c","hash":"e9fdcb1ba8113d0756df7eb531e2f6ea78869c28"}
,"C:\\projects\\nodejs\\node-graphql\\tests\\mocks.js": {"path":"C:\\projects\\nodejs\\node-graphql\\tests\\mocks.js","statementMap":{"0":{"start":{"line":1,"column":15},"end":{"line":1,"column":32}},"1":{"start":{"line":2,"column":21},"end":{"line":2,"column":45}},"2":{"start":{"line":3,"column":21},"end":{"line":3,"column":39}},"3":{"start":{"line":5,"column":14},"end":{"line":32,"column":1}},"4":{"start":{"line":6,"column":16},"end":{"line":18,"column":3}},"5":{"start":{"line":7,"column":17},"end":{"line":14,"column":5}},"6":{"start":{"line":15,"column":17},"end":{"line":15,"column":24}},"7":{"start":{"line":16,"column":24},"end":{"line":16,"column":31}},"8":{"start":{"line":17,"column":17},"end":{"line":17,"column":24}},"9":{"start":{"line":19,"column":19},"end":{"line":31,"column":3}},"10":{"start":{"line":20,"column":22},"end":{"line":20,"column":29}},"11":{"start":{"line":21,"column":22},"end":{"line":21,"column":29}},"12":{"start":{"line":22,"column":26},"end":{"line":22,"column":33}},"13":{"start":{"line":23,"column":26},"end":{"line":23,"column":33}},"14":{"start":{"line":24,"column":22},"end":{"line":24,"column":29}},"15":{"start":{"line":25,"column":22},"end":{"line":25,"column":29}},"16":{"start":{"line":26,"column":22},"end":{"line":26,"column":29}},"17":{"start":{"line":27,"column":22},"end":{"line":27,"column":29}},"18":{"start":{"line":28,"column":25},"end":{"line":28,"column":32}},"19":{"start":{"line":29,"column":25},"end":{"line":29,"column":32}},"20":{"start":{"line":30,"column":25},"end":{"line":30,"column":32}},"21":{"start":{"line":34,"column":0},"end":{"line":34,"column":27}}},"fnMap":{"0":{"name":"(anonymous_0)","decl":{"start":{"line":6,"column":9},"end":{"line":6,"column":10}},"loc":{"start":{"line":6,"column":16},"end":{"line":18,"column":3}},"line":6},"1":{"name":"(anonymous_1)","decl":{"start":{"line":7,"column":10},"end":{"line":7,"column":11}},"loc":{"start":{"line":7,"column":17},"end":{"line":14,"column":5}},"line":7},"2":{"name":"(anonymous_2)","decl":{"start":{"line":15,"column":11},"end":{"line":15,"column":12}},"loc":{"start":{"line":15,"column":17},"end":{"line":15,"column":24}},"line":15},"3":{"name":"(anonymous_3)","decl":{"start":{"line":16,"column":18},"end":{"line":16,"column":19}},"loc":{"start":{"line":16,"column":24},"end":{"line":16,"column":31}},"line":16},"4":{"name":"(anonymous_4)","decl":{"start":{"line":17,"column":11},"end":{"line":17,"column":12}},"loc":{"start":{"line":17,"column":17},"end":{"line":17,"column":24}},"line":17},"5":{"name":"(anonymous_5)","decl":{"start":{"line":19,"column":12},"end":{"line":19,"column":13}},"loc":{"start":{"line":19,"column":19},"end":{"line":31,"column":3}},"line":19},"6":{"name":"(anonymous_6)","decl":{"start":{"line":20,"column":16},"end":{"line":20,"column":17}},"loc":{"start":{"line":20,"column":22},"end":{"line":20,"column":29}},"line":20},"7":{"name":"(anonymous_7)","decl":{"start":{"line":21,"column":16},"end":{"line":21,"column":17}},"loc":{"start":{"line":21,"column":22},"end":{"line":21,"column":29}},"line":21},"8":{"name":"(anonymous_8)","decl":{"start":{"line":22,"column":20},"end":{"line":22,"column":21}},"loc":{"start":{"line":22,"column":26},"end":{"line":22,"column":33}},"line":22},"9":{"name":"(anonymous_9)","decl":{"start":{"line":23,"column":20},"end":{"line":23,"column":21}},"loc":{"start":{"line":23,"column":26},"end":{"line":23,"column":33}},"line":23},"10":{"name":"(anonymous_10)","decl":{"start":{"line":24,"column":16},"end":{"line":24,"column":17}},"loc":{"start":{"line":24,"column":22},"end":{"line":24,"column":29}},"line":24},"11":{"name":"(anonymous_11)","decl":{"start":{"line":25,"column":16},"end":{"line":25,"column":17}},"loc":{"start":{"line":25,"column":22},"end":{"line":25,"column":29}},"line":25},"12":{"name":"(anonymous_12)","decl":{"start":{"line":26,"column":16},"end":{"line":26,"column":17}},"loc":{"start":{"line":26,"column":22},"end":{"line":26,"column":29}},"line":26},"13":{"name":"(anonymous_13)","decl":{"start":{"line":27,"column":16},"end":{"line":27,"column":17}},"loc":{"start":{"line":27,"column":22},"end":{"line":27,"column":29}},"line":27},"14":{"name":"(anonymous_14)","decl":{"start":{"line":28,"column":19},"end":{"line":28,"column":20}},"loc":{"start":{"line":28,"column":25},"end":{"line":28,"column":32}},"line":28},"15":{"name":"(anonymous_15)","decl":{"start":{"line":29,"column":19},"end":{"line":29,"column":20}},"loc":{"start":{"line":29,"column":25},"end":{"line":29,"column":32}},"line":29},"16":{"name":"(anonymous_16)","decl":{"start":{"line":30,"column":19},"end":{"line":30,"column":20}},"loc":{"start":{"line":30,"column":25},"end":{"line":30,"column":32}},"line":30}},"branchMap":{},"s":{"0":1,"1":1,"2":1,"3":1,"4":5,"5":1,"6":0,"7":0,"8":0,"9":11,"10":0,"11":0,"12":0,"13":0,"14":0,"15":0,"16":0,"17":0,"18":0,"19":0,"20":0,"21":1},"f":{"0":5,"1":1,"2":0,"3":0,"4":0,"5":11,"6":0,"7":0,"8":0,"9":0,"10":0,"11":0,"12":0,"13":0,"14":0,"15":0,"16":0},"b":{},"_coverageSchema":"332fd63041d2c1bcb487cc26dd0d5f7d97098a6c","hash":"a9edd1783545b232485a29f4f0166da3080cef4e"}
,"C:\\projects\\nodejs\\node-graphql\\tests\\schema.js": {"path":"C:\\projects\\nodejs\\node-graphql\\tests\\schema.js","statementMap":{"0":{"start":{"line":4,"column":4},"end":{"line":4,"column":28}},"1":{"start":{"line":5,"column":18},"end":{"line":5,"column":36}},"2":{"start":{"line":6,"column":21},"end":{"line":6,"column":50}},"3":{"start":{"line":7,"column":15},"end":{"line":7,"column":49}},"4":{"start":{"line":9,"column":0},"end":{"line":9,"column":44}},"5":{"start":{"line":11,"column":0},"end":{"line":11,"column":28}}},"fnMap":{},"branchMap":{},"s":{"0":1,"1":1,"2":1,"3":1,"4":1,"5":1},"f":{},"b":{},"_coverageSchema":"332fd63041d2c1bcb487cc26dd0d5f7d97098a6c","hash":"3bb83b31d478a6c2805c2197d9dfd64b5bc918eb"}
,"C:\\projects\\nodejs\\node-graphql\\tests\\server.js": {"path":"C:\\projects\\nodejs\\node-graphql\\tests\\server.js","statementMap":{"0":{"start":{"line":1,"column":16},"end":{"line":1,"column":34}},"1":{"start":{"line":2,"column":44},"end":{"line":2,"column":76}},"2":{"start":{"line":3,"column":19},"end":{"line":3,"column":41}},"3":{"start":{"line":4,"column":19},"end":{"line":4,"column":38}},"4":{"start":{"line":6,"column":21},"end":{"line":6,"column":25}},"5":{"start":{"line":8,"column":22},"end":{"line":8,"column":31}},"6":{"start":{"line":10,"column":0},"end":{"line":10,"column":77}},"7":{"start":{"line":11,"column":0},"end":{"line":11,"column":77}},"8":{"start":{"line":13,"column":0},"end":{"line":17,"column":2}},"9":{"start":{"line":14,"column":2},"end":{"line":16,"column":3}},"10":{"start":{"line":19,"column":0},"end":{"line":19,"column":35}}},"fnMap":{"0":{"name":"(anonymous_0)","decl":{"start":{"line":13,"column":35},"end":{"line":13,"column":36}},"loc":{"start":{"line":14,"column":2},"end":{"line":16,"column":3}},"line":14}},"branchMap":{},"s":{"0":1,"1":1,"2":1,"3":1,"4":1,"5":1,"6":1,"7":1,"8":1,"9":1,"10":1},"f":{"0":1},"b":{},"_coverageSchema":"332fd63041d2c1bcb487cc26dd0d5f7d97098a6c","hash":"8a86dc2f09c590f4d1b5dc1472bd0f3019c44fea"}
}
