TN:
SF:C:\projects\nodejs\node-graphql\schema\typedefs.js
FNF:0
FNH:0
DA:1,1
DA:37,1
LF:2
LH:2
BRF:0
BRH:0
end_of_record
TN:
SF:C:\projects\nodejs\node-graphql\tests\mocks.js
FN:6,(anonymous_0)
FN:7,(anonymous_1)
FN:15,(anonymous_2)
FN:16,(anonymous_3)
FN:17,(anonymous_4)
FN:19,(anonymous_5)
FN:20,(anonymous_6)
FN:21,(anonymous_7)
FN:22,(anonymous_8)
FN:23,(anonymous_9)
FN:24,(anonymous_10)
FN:25,(anonymous_11)
FN:26,(anonymous_12)
FN:27,(anonymous_13)
FN:28,(anonymous_14)
FN:29,(anonymous_15)
FN:30,(anonymous_16)
FNF:17
FNH:3
FNDA:5,(anonymous_0)
FNDA:1,(anonymous_1)
FNDA:0,(anonymous_2)
FNDA:0,(anonymous_3)
FNDA:0,(anonymous_4)
FNDA:11,(anonymous_5)
FNDA:0,(anonymous_6)
FNDA:0,(anonymous_7)
FNDA:0,(anonymous_8)
FNDA:0,(anonymous_9)
FNDA:0,(anonymous_10)
FNDA:0,(anonymous_11)
FNDA:0,(anonymous_12)
FNDA:0,(anonymous_13)
FNDA:0,(anonymous_14)
FNDA:0,(anonymous_15)
FNDA:0,(anonymous_16)
DA:1,1
DA:2,1
DA:3,1
DA:5,1
DA:6,5
DA:7,1
DA:15,0
DA:16,0
DA:17,0
DA:19,11
DA:20,0
DA:21,0
DA:22,0
DA:23,0
DA:24,0
DA:25,0
DA:26,0
DA:27,0
DA:28,0
DA:29,0
DA:30,0
DA:34,1
LF:22
LH:8
BRF:0
BRH:0
end_of_record
TN:
SF:C:\projects\nodejs\node-graphql\tests\schema.js
FNF:0
FNH:0
DA:4,1
DA:5,1
DA:6,1
DA:7,1
DA:9,1
DA:11,1
LF:6
LH:6
BRF:0
BRH:0
end_of_record
TN:
SF:C:\projects\nodejs\node-graphql\tests\server.js
FN:13,(anonymous_0)
FNF:1
FNH:1
FNDA:1,(anonymous_0)
DA:1,1
DA:2,1
DA:3,1
DA:4,1
DA:6,1
DA:8,1
DA:10,1
DA:11,1
DA:13,1
DA:14,1
DA:19,1
LF:11
LH:11
BRF:0
BRH:0
end_of_record
